<?xml version="1.0" encoding="UTF-8"?>
<testng-results ignored="0" total="1" passed="1" failed="0" skipped="0">
  <reporter-output>
  </reporter-output>
  <suite started-at="2023-04-01T13:06:39 EDT" name="Default suite" finished-at="2023-04-01T13:07:50 EDT" duration-ms="71186">
    <groups>
      <group name="cucumber">
        <method signature="AbstractTestNGCucumberTests.feature(cucumber.api.testng.CucumberFeatureWrapper)[pri:0, instance:com.AmazonRunner.qa.testRunnerClass@7e057f43]" name="feature" class="cucumber.api.testng.AbstractTestNGCucumberTests"/>
      </group> <!-- cucumber -->
    </groups>
    <test started-at="2023-04-01T13:06:39 EDT" name="Default test" finished-at="2023-04-01T13:07:50 EDT" duration-ms="71186">
      <class name="com.AmazonRunner.qa.testRunnerClass">
        <test-method is-config="true" signature="startURL()[pri:0, instance:com.AmazonRunner.qa.testRunnerClass@7e057f43]" started-at="2023-04-01T13:06:39 EDT" name="startURL" finished-at="2023-04-01T13:06:43 EDT" duration-ms="4400" status="PASS">
          <reporter-output>
          </reporter-output>
        </test-method> <!-- startURL -->
        <test-method is-config="true" signature="setUpClass()[pri:0, instance:com.AmazonRunner.qa.testRunnerClass@7e057f43]" started-at="2023-04-01T13:06:43 EDT" name="setUpClass" finished-at="2023-04-01T13:06:43 EDT" duration-ms="200" status="PASS">
          <reporter-output>
          </reporter-output>
        </test-method> <!-- setUpClass -->
        <test-method signature="feature(cucumber.api.testng.CucumberFeatureWrapper)[pri:0, instance:com.AmazonRunner.qa.testRunnerClass@7e057f43]" started-at="2023-04-01T13:06:43 EDT" name="feature" description="Runs Cucumber Feature" data-provider="features" finished-at="2023-04-01T13:07:49 EDT" duration-ms="65630" status="PASS">
          <params>
            <param index="0">
              <value>
                <![CDATA[This Feature file will cover all the Amazon profuct and verify features]]>
              </value>
            </param>
          </params>
          <reporter-output>
          </reporter-output>
        </test-method> <!-- feature -->
        <test-method is-config="true" signature="tearDownClass()[pri:0, instance:com.AmazonRunner.qa.testRunnerClass@7e057f43]" started-at="2023-04-01T13:07:49 EDT" name="tearDownClass" finished-at="2023-04-01T13:07:49 EDT" duration-ms="14" status="PASS">
          <reporter-output>
          </reporter-output>
        </test-method> <!-- tearDownClass -->
        <test-method is-config="true" signature="closedURL()[pri:0, instance:com.AmazonRunner.qa.testRunnerClass@7e057f43]" started-at="2023-04-01T13:07:49 EDT" name="closedURL" finished-at="2023-04-01T13:07:50 EDT" duration-ms="805" status="PASS">
          <reporter-output>
          </reporter-output>
        </test-method> <!-- closedURL -->
      </class> <!-- com.AmazonRunner.qa.testRunnerClass -->
    </test> <!-- Default test -->
  </suite> <!-- Default suite -->
</testng-results>
